{"uuid":"2918a5bc-f346-44d4-b720-b729c5c127a3","historyId":"fb07490a9bd5b66da7b05242d575218a","testCaseId":"ba6b503e1b473db5bad794cc6ace34ff","fullName":"src/test/resources/Features/orangehrm-login.feature:33","labels":[{"name":"tag","value":"today"},{"name":"host","value":"DESKTOP-E77DV7E"},{"name":"thread","value":"10420@DESKTOP-E77DV7E.main(1)"},{"name":"feature","value":"This feature file includes all test cases related to Login Page of Orangehrm"},{"name":"story","value":"To verify when user enters blank username and valid password"},{"name":"suite","value":"This feature file includes all test cases related to Login Page of Orangehrm"},{"name":"testClass","value":"To verify when user enters blank username and valid password"},{"name":"framework","value":"cucumber4jvm"},{"name":"language","value":"java"},{"name":"gherkin_uri","value":"file:///D:/OrangeHrmClone/Orangehrm/src/test/resources/Features/orangehrm-login.feature"},{"name":"package","value":"src.test.resources.Features.orangehrm-login_feature.This feature file includes all test cases related to Login Page of Orangehrm"}],"links":[],"name":"To verify when user enters blank username and valid password","status":"failed","statusDetails":{"known":false,"muted":false,"flaky":false,"message":"Application display  an error message as 'Invalid Credentials' instead it should show error message as 'Please enter valid Creadentials' expected [Please enter valid credentials] but found [Required]","trace":"java.lang.AssertionError: Application display  an error message as 'Invalid Credentials' instead it should show error message as 'Please enter valid Creadentials' expected [Please enter valid credentials] but found [Required]\r\n\tat org.testng.Assert.fail(Assert.java:111)\r\n\tat org.testng.Assert.failNotEquals(Assert.java:1578)\r\n\tat org.testng.Assert.assertEqualsImpl(Assert.java:150)\r\n\tat org.testng.Assert.assertEquals(Assert.java:132)\r\n\tat org.testng.Assert.assertEquals(Assert.java:656)\r\n\tat com.testingshashtra.stepdefinition.UserLoginSteps.checkErrorMessageBlankUsernmValPsw(UserLoginSteps.java:137)\r\n\tat ✽.Application display an error message as 'Required' instead it should show error message as 'Please enter valid Creadentials'(file:///D:/OrangeHrmClone/Orangehrm/src/test/resources/Features/orangehrm-login.feature:37)\r\n"},"stage":"finished","steps":[{"name":"When User enters blank username and valid password","status":"passed","statusDetails":{"known":false,"muted":false,"flaky":false},"stage":"finished","steps":[],"attachments":[],"parameters":[],"start":1735139568577,"stop":1735139568795},{"name":"And Click on login button For invalid credentials","status":"passed","statusDetails":{"known":false,"muted":false,"flaky":false},"stage":"finished","steps":[],"attachments":[],"parameters":[],"start":1735139568795,"stop":1735139569045},{"name":"Then Application display an error message as 'Required' instead it should show error message as 'Please enter valid Creadentials'","status":"failed","statusDetails":{"known":false,"muted":false,"flaky":false,"message":"Application display  an error message as 'Invalid Credentials' instead it should show error message as 'Please enter valid Creadentials' expected [Please enter valid credentials] but found [Required]","trace":"java.lang.AssertionError: Application display  an error message as 'Invalid Credentials' instead it should show error message as 'Please enter valid Creadentials' expected [Please enter valid credentials] but found [Required]\r\n\tat org.testng.Assert.fail(Assert.java:111)\r\n\tat org.testng.Assert.failNotEquals(Assert.java:1578)\r\n\tat org.testng.Assert.assertEqualsImpl(Assert.java:150)\r\n\tat org.testng.Assert.assertEquals(Assert.java:132)\r\n\tat org.testng.Assert.assertEquals(Assert.java:656)\r\n\tat com.testingshashtra.stepdefinition.UserLoginSteps.checkErrorMessageBlankUsernmValPsw(UserLoginSteps.java:137)\r\n\tat ✽.Application display an error message as 'Required' instead it should show error message as 'Please enter valid Creadentials'(file:///D:/OrangeHrmClone/Orangehrm/src/test/resources/Features/orangehrm-login.feature:37)\r\n"},"stage":"finished","steps":[],"attachments":[],"parameters":[],"start":1735139569046,"stop":1735139569088}],"attachments":[],"parameters":[],"start":1735139561675,"stop":1735139569093}