{"uuid":"32c1cca3-3571-4562-852f-aec56e021fec","historyId":"83906d4cba52fc25c4c05cf9d80313","testCaseId":"fd9344175129df3252e336fe39b24632","fullName":"src/test/resources/Features/orangehrm-login.feature:21","labels":[{"name":"tag","value":"today"},{"name":"host","value":"DESKTOP-E77DV7E"},{"name":"thread","value":"9404@DESKTOP-E77DV7E.main(1)"},{"name":"feature","value":"This feature file includes all test cases related to Login Page of Orangehrm"},{"name":"story","value":"To verify when user enters blank username and password"},{"name":"suite","value":"This feature file includes all test cases related to Login Page of Orangehrm"},{"name":"testClass","value":"To verify when user enters blank username and password"},{"name":"framework","value":"cucumber4jvm"},{"name":"language","value":"java"},{"name":"gherkin_uri","value":"file:///D:/OrangeHrmClone/Orangehrm/src/test/resources/Features/orangehrm-login.feature"},{"name":"package","value":"src.test.resources.Features.orangehrm-login_feature.This feature file includes all test cases related to Login Page of Orangehrm"}],"links":[],"name":"To verify when user enters blank username and password","status":"failed","statusDetails":{"known":false,"muted":false,"flaky":false,"message":"Application shows error message as 'Required' instead it should show error message as 'Please enter valid credentials' expected [Please enter valid credentials] but found [Required]","trace":"java.lang.AssertionError: Application shows error message as 'Required' instead it should show error message as 'Please enter valid credentials' expected [Please enter valid credentials] but found [Required]\r\n\tat org.testng.Assert.fail(Assert.java:111)\r\n\tat org.testng.Assert.failNotEquals(Assert.java:1578)\r\n\tat org.testng.Assert.assertEqualsImpl(Assert.java:150)\r\n\tat org.testng.Assert.assertEquals(Assert.java:132)\r\n\tat org.testng.Assert.assertEquals(Assert.java:656)\r\n\tat com.testingshashtra.stepdefinition.UserLoginSteps.showErrorMessage(UserLoginSteps.java:50)\r\n\tat ✽.Application should show error message 'Invalid credentials'(file:///D:/OrangeHrmClone/Orangehrm/src/test/resources/Features/orangehrm-login.feature:25)\r\n"},"stage":"finished","steps":[{"name":"When User enters blank username and password","status":"passed","statusDetails":{"known":false,"muted":false,"flaky":false},"stage":"finished","steps":[],"attachments":[],"parameters":[],"start":1735217948217,"stop":1735217948556},{"name":"And Click on Login for invalid credentials","status":"passed","statusDetails":{"known":false,"muted":false,"flaky":false},"stage":"finished","steps":[],"attachments":[],"parameters":[],"start":1735217948556,"stop":1735217948821},{"name":"Then Application should show error message 'Invalid credentials'","status":"failed","statusDetails":{"known":false,"muted":false,"flaky":false,"message":"Application shows error message as 'Required' instead it should show error message as 'Please enter valid credentials' expected [Please enter valid credentials] but found [Required]","trace":"java.lang.AssertionError: Application shows error message as 'Required' instead it should show error message as 'Please enter valid credentials' expected [Please enter valid credentials] but found [Required]\r\n\tat org.testng.Assert.fail(Assert.java:111)\r\n\tat org.testng.Assert.failNotEquals(Assert.java:1578)\r\n\tat org.testng.Assert.assertEqualsImpl(Assert.java:150)\r\n\tat org.testng.Assert.assertEquals(Assert.java:132)\r\n\tat org.testng.Assert.assertEquals(Assert.java:656)\r\n\tat com.testingshashtra.stepdefinition.UserLoginSteps.showErrorMessage(UserLoginSteps.java:50)\r\n\tat ✽.Application should show error message 'Invalid credentials'(file:///D:/OrangeHrmClone/Orangehrm/src/test/resources/Features/orangehrm-login.feature:25)\r\n"},"stage":"finished","steps":[],"attachments":[],"parameters":[],"start":1735217948821,"stop":1735217948861}],"attachments":[],"parameters":[],"start":1735217939895,"stop":1735217948864}