{"uuid":"41b4979a-a1cc-4784-87b0-323a955833b1","historyId":"7853a734ac364bebbe2745d1ea498127","testCaseId":"be33d363a723cd6858d5c279cf47eba3","fullName":"src/test/resources/Features/forgot_Password.feature:8","labels":[{"name":"tag","value":"today"},{"name":"host","value":"DESKTOP-EJEH0E2"},{"name":"thread","value":"16528@DESKTOP-EJEH0E2.main(1)"},{"name":"feature","value":"This feature file includes all the testcases related to forgot password of orangeHRM"},{"name":"story","value":"To verify when user enters blank username"},{"name":"suite","value":"This feature file includes all the testcases related to forgot password of orangeHRM"},{"name":"testClass","value":"To verify when user enters blank username"},{"name":"framework","value":"cucumber4jvm"},{"name":"language","value":"java"},{"name":"gherkin_uri","value":"file:///E:/Workspace/Orangehrm/src/test/resources/Features/forgot_Password.feature"},{"name":"package","value":"src.test.resources.Features.forgot_Password_feature.This feature file includes all the testcases related to forgot password of orangeHRM"}],"links":[],"name":"To verify when user enters blank username","status":"failed","statusDetails":{"known":false,"muted":false,"flaky":false,"message":"Application should show error message as 'Please enter valid username' expected [Please enter valid Username] but found [Required]","trace":"java.lang.AssertionError: Application should show error message as 'Please enter valid username' expected [Please enter valid Username] but found [Required]\r\n\tat org.testng.Assert.fail(Assert.java:111)\r\n\tat org.testng.Assert.failNotEquals(Assert.java:1578)\r\n\tat org.testng.Assert.assertEqualsImpl(Assert.java:150)\r\n\tat org.testng.Assert.assertEquals(Assert.java:132)\r\n\tat org.testng.Assert.assertEquals(Assert.java:656)\r\n\tat com.testingshashtra.stepdefinition.ForgotPasswordSteps.verifyErrorMessage(ForgotPasswordSteps.java:51)\r\n\tat ✽.It should show message as 'Please enter valid username'(file:///E:/Workspace/Orangehrm/src/test/resources/Features/forgot_Password.feature:13)\r\n"},"stage":"finished","steps":[{"name":"When User click on Forgot password link","status":"passed","statusDetails":{"known":false,"muted":false,"flaky":false},"stage":"finished","steps":[],"attachments":[],"parameters":[],"start":1735105643077,"stop":1735105645500},{"name":"And Enter blank username","status":"passed","statusDetails":{"known":false,"muted":false,"flaky":false},"stage":"finished","steps":[],"attachments":[],"parameters":[],"start":1735105645500,"stop":1735105645658},{"name":"And click on Reset Password button","status":"passed","statusDetails":{"known":false,"muted":false,"flaky":false},"stage":"finished","steps":[],"attachments":[],"parameters":[],"start":1735105645659,"stop":1735105645923},{"name":"Then It should show message as 'Please enter valid username'","status":"failed","statusDetails":{"known":false,"muted":false,"flaky":false,"message":"Application should show error message as 'Please enter valid username' expected [Please enter valid Username] but found [Required]","trace":"java.lang.AssertionError: Application should show error message as 'Please enter valid username' expected [Please enter valid Username] but found [Required]\r\n\tat org.testng.Assert.fail(Assert.java:111)\r\n\tat org.testng.Assert.failNotEquals(Assert.java:1578)\r\n\tat org.testng.Assert.assertEqualsImpl(Assert.java:150)\r\n\tat org.testng.Assert.assertEquals(Assert.java:132)\r\n\tat org.testng.Assert.assertEquals(Assert.java:656)\r\n\tat com.testingshashtra.stepdefinition.ForgotPasswordSteps.verifyErrorMessage(ForgotPasswordSteps.java:51)\r\n\tat ✽.It should show message as 'Please enter valid username'(file:///E:/Workspace/Orangehrm/src/test/resources/Features/forgot_Password.feature:13)\r\n"},"stage":"finished","steps":[],"attachments":[],"parameters":[],"start":1735105645923,"stop":1735105645974}],"attachments":[],"parameters":[],"start":1735105633361,"stop":1735105645976}