{"uuid":"78c3c439-40d8-44c3-8e96-a21807f81ff6","historyId":"a7baf0a7fb939f3391fbe4f1214a3a2d","testCaseId":"68f8de9212f4009adf0f3df86e1c14ab","fullName":"src/test/resources/Features/orangehrm-login.feature:39","labels":[{"name":"tag","value":"today"},{"name":"host","value":"DESKTOP-E77DV7E"},{"name":"thread","value":"15812@DESKTOP-E77DV7E.main(1)"},{"name":"feature","value":"This feature file includes all test cases related to Login Page of Orangehrm"},{"name":"story","value":"To verify when user enters valid username and blank password"},{"name":"suite","value":"This feature file includes all test cases related to Login Page of Orangehrm"},{"name":"testClass","value":"To verify when user enters valid username and blank password"},{"name":"framework","value":"cucumber4jvm"},{"name":"language","value":"java"},{"name":"gherkin_uri","value":"file:///D:/OrangeHrmClone/Orangehrm/src/test/resources/Features/orangehrm-login.feature"},{"name":"package","value":"src.test.resources.Features.orangehrm-login_feature.This feature file includes all test cases related to Login Page of Orangehrm"}],"links":[],"name":"To verify when user enters valid username and blank password","status":"failed","statusDetails":{"known":false,"muted":false,"flaky":false,"message":"Application display an error message as 'Required' instead it should show error message as 'Please enter valid Creadentials' expected [Please enter valid credentials] but found [Required]","trace":"java.lang.AssertionError: Application display an error message as 'Required' instead it should show error message as 'Please enter valid Creadentials' expected [Please enter valid credentials] but found [Required]\r\n\tat org.testng.Assert.fail(Assert.java:111)\r\n\tat org.testng.Assert.failNotEquals(Assert.java:1578)\r\n\tat org.testng.Assert.assertEqualsImpl(Assert.java:150)\r\n\tat org.testng.Assert.assertEquals(Assert.java:132)\r\n\tat org.testng.Assert.assertEquals(Assert.java:656)\r\n\tat com.testingshashtra.stepdefinition.UserLoginSteps.checkErrorMessageValidUsernmBlankPsw(UserLoginSteps.java:157)\r\n\tat ✽.Application display error message as 'Required' instead it should show error message as 'Please enter valid Creadentials'(file:///D:/OrangeHrmClone/Orangehrm/src/test/resources/Features/orangehrm-login.feature:43)\r\n"},"stage":"finished","steps":[{"name":"When User enters valid username and blank password","status":"passed","statusDetails":{"known":false,"muted":false,"flaky":false},"stage":"finished","steps":[],"attachments":[],"parameters":[],"start":1735218610342,"stop":1735218610485},{"name":"And Click on login Button For invalid credential","status":"passed","statusDetails":{"known":false,"muted":false,"flaky":false},"stage":"finished","steps":[],"attachments":[],"parameters":[],"start":1735218610485,"stop":1735218610732},{"name":"Then Application display error message as 'Required' instead it should show error message as 'Please enter valid Creadentials'","status":"failed","statusDetails":{"known":false,"muted":false,"flaky":false,"message":"Application display an error message as 'Required' instead it should show error message as 'Please enter valid Creadentials' expected [Please enter valid credentials] but found [Required]","trace":"java.lang.AssertionError: Application display an error message as 'Required' instead it should show error message as 'Please enter valid Creadentials' expected [Please enter valid credentials] but found [Required]\r\n\tat org.testng.Assert.fail(Assert.java:111)\r\n\tat org.testng.Assert.failNotEquals(Assert.java:1578)\r\n\tat org.testng.Assert.assertEqualsImpl(Assert.java:150)\r\n\tat org.testng.Assert.assertEquals(Assert.java:132)\r\n\tat org.testng.Assert.assertEquals(Assert.java:656)\r\n\tat com.testingshashtra.stepdefinition.UserLoginSteps.checkErrorMessageValidUsernmBlankPsw(UserLoginSteps.java:157)\r\n\tat ✽.Application display error message as 'Required' instead it should show error message as 'Please enter valid Creadentials'(file:///D:/OrangeHrmClone/Orangehrm/src/test/resources/Features/orangehrm-login.feature:43)\r\n"},"stage":"finished","steps":[],"attachments":[],"parameters":[],"start":1735218610732,"stop":1735218610783}],"attachments":[],"parameters":[],"start":1735218602372,"stop":1735218610788}