{"uuid":"cab7e8c1-2cf3-4f6b-826f-d3bcb5f0e149","historyId":"5deae6198691d9d9e1573e4c920d208d","testCaseId":"a74af1ce768783e691657b1b37b09636","fullName":"src/test/resources/Features/orangehrm-login.feature:52","labels":[{"name":"tag","value":"today"},{"name":"host","value":"DESKTOP-E77DV7E"},{"name":"thread","value":"20496@DESKTOP-E77DV7E.main(1)"},{"name":"feature","value":"This feature file includes all test cases related to Login Page of Orangehrm"},{"name":"story","value":"To verify when user enters blank password"},{"name":"suite","value":"This feature file includes all test cases related to Login Page of Orangehrm"},{"name":"testClass","value":"To verify when user enters blank password"},{"name":"framework","value":"cucumber4jvm"},{"name":"language","value":"java"},{"name":"gherkin_uri","value":"file:///D:/OrangeHrmClone/Orangehrm/src/test/resources/Features/orangehrm-login.feature"},{"name":"package","value":"src.test.resources.Features.orangehrm-login_feature.This feature file includes all test cases related to Login Page of Orangehrm"}],"links":[],"name":"To verify when user enters blank password","status":"failed","statusDetails":{"known":false,"muted":false,"flaky":false,"message":"Application should show error message 'Invalid credential' expected [Please enter valid credentials] but found [Required]","trace":"java.lang.AssertionError: Application should show error message 'Invalid credential' expected [Please enter valid credentials] but found [Required]\r\n\tat org.testng.Assert.fail(Assert.java:111)\r\n\tat org.testng.Assert.failNotEquals(Assert.java:1578)\r\n\tat org.testng.Assert.assertEqualsImpl(Assert.java:150)\r\n\tat org.testng.Assert.assertEquals(Assert.java:132)\r\n\tat org.testng.Assert.assertEquals(Assert.java:656)\r\n\tat com.testingshashtra.stepdefinition.UserLoginSteps.checkErrMessage(UserLoginSteps.java:196)\r\n\tat ✽.Application should show Error message 'Invalid credentials'(file:///D:/OrangeHrmClone/Orangehrm/src/test/resources/Features/orangehrm-login.feature:56)\r\n"},"stage":"finished","steps":[{"name":"When User enters blank password","status":"passed","statusDetails":{"known":false,"muted":false,"flaky":false},"stage":"finished","steps":[],"attachments":[],"parameters":[],"start":1735094914757,"stop":1735094914960},{"name":"And Click on login for invalid credentials","status":"passed","statusDetails":{"known":false,"muted":false,"flaky":false},"stage":"finished","steps":[],"attachments":[],"parameters":[],"start":1735094914960,"stop":1735094915236},{"name":"Then Application should show Error message 'Invalid credentials'","status":"failed","statusDetails":{"known":false,"muted":false,"flaky":false,"message":"Application should show error message 'Invalid credential' expected [Please enter valid credentials] but found [Required]","trace":"java.lang.AssertionError: Application should show error message 'Invalid credential' expected [Please enter valid credentials] but found [Required]\r\n\tat org.testng.Assert.fail(Assert.java:111)\r\n\tat org.testng.Assert.failNotEquals(Assert.java:1578)\r\n\tat org.testng.Assert.assertEqualsImpl(Assert.java:150)\r\n\tat org.testng.Assert.assertEquals(Assert.java:132)\r\n\tat org.testng.Assert.assertEquals(Assert.java:656)\r\n\tat com.testingshashtra.stepdefinition.UserLoginSteps.checkErrMessage(UserLoginSteps.java:196)\r\n\tat ✽.Application should show Error message 'Invalid credentials'(file:///D:/OrangeHrmClone/Orangehrm/src/test/resources/Features/orangehrm-login.feature:56)\r\n"},"stage":"finished","steps":[],"attachments":[],"parameters":[],"start":1735094915236,"stop":1735094915309}],"attachments":[],"parameters":[],"start":1735094906396,"stop":1735094915336}